d:\srcrep\0000neo\lib_release\gmotor.bsc
d:\srcrep\0000neo\_release\gmotor\gmotor.pch
d:\srcrep\0000neo\_release\gmotor\gmotor.pdb
d:\srcrep\0000neo\lib_release\stdafx.sbr
d:\srcrep\0000neo\_release\gmotor\stdafx.obj
d:\srcrep\0000neo\lib_release\blocksort.sbr
d:\srcrep\0000neo\lib_release\bzlib.sbr
d:\srcrep\0000neo\lib_release\compress.sbr
d:\srcrep\0000neo\lib_release\crctable.sbr
d:\srcrep\0000neo\lib_release\decompress.sbr
d:\srcrep\0000neo\lib_release\huffman.sbr
d:\srcrep\0000neo\lib_release\randtable.sbr
d:\srcrep\0000neo\lib_release\fcompressor.sbr
d:\srcrep\0000neo\lib_release\fg18g15.sbr
d:\srcrep\0000neo\lib_release\fganationmmx.sbr
d:\srcrep\0000neo\lib_release\flzdecoder.sbr
d:\srcrep\0000neo\lib_release\kxmlgrammar.sbr
d:\srcrep\0000neo\lib_release\uimodeleditor.sbr
d:\srcrep\0000neo\lib_release\vskin.sbr
d:\srcrep\0000neo\_release\gmotor\vskin.obj
d:\srcrep\0000neo\_release\gmotor\uimodeleditor.obj
d:\srcrep\0000neo\_release\gmotor\kxmlgrammar.obj
d:\srcrep\0000neo\_release\gmotor\flzdecoder.obj
d:\srcrep\0000neo\_release\gmotor\fganationmmx.obj
d:\srcrep\0000neo\_release\gmotor\fg18g15.obj
d:\srcrep\0000neo\_release\gmotor\fcompressor.obj
d:\srcrep\0000neo\_release\gmotor\randtable.obj
d:\srcrep\0000neo\_release\gmotor\huffman.obj
d:\srcrep\0000neo\_release\gmotor\decompress.obj
d:\srcrep\0000neo\_release\gmotor\crctable.obj
d:\srcrep\0000neo\_release\gmotor\compress.obj
d:\srcrep\0000neo\_release\gmotor\bzlib.obj
d:\srcrep\0000neo\_release\gmotor\blocksort.obj
d:\srcrep\0000neo\lib_release\fg16realtime.sbr
d:\srcrep\0000neo\lib_release\flzodecompress.sbr
d:\srcrep\0000neo\lib_release\fucldecompress.sbr
d:\srcrep\0000neo\lib_release\kassert.sbr
d:\srcrep\0000neo\lib_release\kbmptool.sbr
d:\srcrep\0000neo\lib_release\kcache.sbr
d:\srcrep\0000neo\lib_release\kcolorvalue.sbr
d:\srcrep\0000neo\lib_release\kcontext.sbr
d:\srcrep\0000neo\lib_release\kdiriterator.sbr
d:\srcrep\0000neo\lib_release\kfilemapping.sbr
d:\srcrep\0000neo\lib_release\kfilepath.sbr
d:\srcrep\0000neo\lib_release\khistory.sbr
d:\srcrep\0000neo\lib_release\kio.sbr
d:\srcrep\0000neo\lib_release\kiohelpers.sbr
d:\srcrep\0000neo\lib_release\klog.sbr
d:\srcrep\0000neo\lib_release\kmemoryspy.sbr
d:\srcrep\0000neo\lib_release\kobjectfactory.sbr
d:\srcrep\0000neo\lib_release\kpoolallocator.sbr
d:\srcrep\0000neo\lib_release\kpropertymap.sbr
d:\srcrep\0000neo\lib_release\kresfile.sbr
d:\srcrep\0000neo\_release\gmotor\kresfile.obj
d:\srcrep\0000neo\_release\gmotor\kpropertymap.obj
d:\srcrep\0000neo\_release\gmotor\kpoolallocator.obj
d:\srcrep\0000neo\_release\gmotor\kobjectfactory.obj
d:\srcrep\0000neo\_release\gmotor\kmemoryspy.obj
d:\srcrep\0000neo\_release\gmotor\klog.obj
d:\srcrep\0000neo\_release\gmotor\kiohelpers.obj
d:\srcrep\0000neo\_release\gmotor\kio.obj
d:\srcrep\0000neo\_release\gmotor\khistory.obj
d:\srcrep\0000neo\_release\gmotor\kfilepath.obj
d:\srcrep\0000neo\_release\gmotor\kfilemapping.obj
d:\srcrep\0000neo\_release\gmotor\kdiriterator.obj
d:\srcrep\0000neo\_release\gmotor\kcontext.obj
d:\srcrep\0000neo\_release\gmotor\kcolorvalue.obj
d:\srcrep\0000neo\_release\gmotor\kcache.obj
d:\srcrep\0000neo\_release\gmotor\kbmptool.obj
d:\srcrep\0000neo\_release\gmotor\kassert.obj
d:\srcrep\0000neo\_release\gmotor\fucldecompress.obj
d:\srcrep\0000neo\_release\gmotor\flzodecompress.obj
d:\srcrep\0000neo\_release\gmotor\fg16realtime.obj
d:\srcrep\0000neo\lib_release\kresource.sbr
d:\srcrep\0000neo\lib_release\kresourcemanager.sbr
d:\srcrep\0000neo\lib_release\kscriptmanager.sbr
d:\srcrep\0000neo\lib_release\kstatistics.sbr
d:\srcrep\0000neo\lib_release\kstring.sbr
d:\srcrep\0000neo\lib_release\kstrutil.sbr
d:\srcrep\0000neo\lib_release\ksystemdialogs.sbr
d:\srcrep\0000neo\lib_release\kthread.sbr
d:\srcrep\0000neo\lib_release\ktypetraits.sbr
d:\srcrep\0000neo\lib_release\kutilities.sbr
d:\srcrep\0000neo\lib_release\kuuid.sbr
d:\srcrep\0000neo\lib_release\kxmlparser.sbr
d:\srcrep\0000neo\lib_release\malgo.sbr
d:\srcrep\0000neo\lib_release\mfilter.sbr
d:\srcrep\0000neo\lib_release\mfloatcurve.sbr
d:\srcrep\0000neo\lib_release\mgeom3d.sbr
d:\srcrep\0000neo\lib_release\mheightmap.sbr
d:\srcrep\0000neo\lib_release\mintersect.sbr
d:\srcrep\0000neo\lib_release\mline.sbr
d:\srcrep\0000neo\lib_release\mlodder.sbr
d:\srcrep\0000neo\_release\gmotor\mlodder.obj
d:\srcrep\0000neo\_release\gmotor\mline.obj
d:\srcrep\0000neo\_release\gmotor\mintersect.obj
d:\srcrep\0000neo\_release\gmotor\mheightmap.obj
d:\srcrep\0000neo\_release\gmotor\mgeom3d.obj
d:\srcrep\0000neo\_release\gmotor\mfloatcurve.obj
d:\srcrep\0000neo\_release\gmotor\mfilter.obj
d:\srcrep\0000neo\_release\gmotor\malgo.obj
d:\srcrep\0000neo\_release\gmotor\kxmlparser.obj
d:\srcrep\0000neo\_release\gmotor\kuuid.obj
d:\srcrep\0000neo\_release\gmotor\kutilities.obj
d:\srcrep\0000neo\_release\gmotor\ktypetraits.obj
d:\srcrep\0000neo\_release\gmotor\kthread.obj
d:\srcrep\0000neo\_release\gmotor\ksystemdialogs.obj
d:\srcrep\0000neo\_release\gmotor\kstrutil.obj
d:\srcrep\0000neo\_release\gmotor\kstring.obj
d:\srcrep\0000neo\_release\gmotor\kstatistics.obj
d:\srcrep\0000neo\_release\gmotor\kscriptmanager.obj
d:\srcrep\0000neo\_release\gmotor\kresourcemanager.obj
d:\srcrep\0000neo\_release\gmotor\kresource.obj
d:\srcrep\0000neo\lib_release\mmath2d.sbr
d:\srcrep\0000neo\lib_release\mmontecarlo.sbr
d:\srcrep\0000neo\lib_release\mnoise.sbr
d:\srcrep\0000neo\lib_release\moctree.sbr
d:\srcrep\0000neo\lib_release\mplane.sbr
d:\srcrep\0000neo\lib_release\mquatcurve.sbr
d:\srcrep\0000neo\lib_release\mquaternion.sbr
d:\srcrep\0000neo\lib_release\mrandom.sbr
d:\srcrep\0000neo\lib_release\msegmentset.sbr
d:\srcrep\0000neo\lib_release\mshapes.sbr
d:\srcrep\0000neo\lib_release\mskin.sbr
d:\srcrep\0000neo\lib_release\mskinsse.sbr
d:\srcrep\0000neo\lib_release\mspatial.sbr
d:\srcrep\0000neo\lib_release\msphere.sbr
d:\srcrep\0000neo\lib_release\msplines.sbr
d:\srcrep\0000neo\lib_release\mtransform.sbr
d:\srcrep\0000neo\lib_release\mtriangle.sbr
d:\srcrep\0000neo\lib_release\mutil.sbr
d:\srcrep\0000neo\lib_release\mvector.sbr
d:\srcrep\0000neo\lib_release\rsrenderpool.sbr
d:\srcrep\0000neo\_release\gmotor\rsrenderpool.obj
d:\srcrep\0000neo\_release\gmotor\mvector.obj
d:\srcrep\0000neo\_release\gmotor\mutil.obj
d:\srcrep\0000neo\_release\gmotor\mtriangle.obj
d:\srcrep\0000neo\_release\gmotor\mtransform.obj
d:\srcrep\0000neo\_release\gmotor\msplines.obj
d:\srcrep\0000neo\_release\gmotor\msphere.obj
d:\srcrep\0000neo\_release\gmotor\mspatial.obj
d:\srcrep\0000neo\_release\gmotor\mskinsse.obj
d:\srcrep\0000neo\_release\gmotor\mskin.obj
d:\srcrep\0000neo\_release\gmotor\mshapes.obj
d:\srcrep\0000neo\_release\gmotor\msegmentset.obj
d:\srcrep\0000neo\_release\gmotor\mrandom.obj
d:\srcrep\0000neo\_release\gmotor\mquaternion.obj
d:\srcrep\0000neo\_release\gmotor\mquatcurve.obj
d:\srcrep\0000neo\_release\gmotor\mplane.obj
d:\srcrep\0000neo\_release\gmotor\moctree.obj
d:\srcrep\0000neo\_release\gmotor\mnoise.obj
d:\srcrep\0000neo\_release\gmotor\mmontecarlo.obj
d:\srcrep\0000neo\_release\gmotor\mmath2d.obj
d:\srcrep\0000neo\lib_release\rsrendersystem.sbr
d:\srcrep\0000neo\lib_release\rssettings.sbr
d:\srcrep\0000neo\lib_release\rsvertex.sbr
d:\srcrep\0000neo\lib_release\sganimation.sbr
d:\srcrep\0000neo\lib_release\sganimationblock.sbr
d:\srcrep\0000neo\lib_release\sgattachedeffect.sbr
d:\srcrep\0000neo\lib_release\sgconst.sbr
d:\srcrep\0000neo\lib_release\sgcontroller.sbr
d:\srcrep\0000neo\lib_release\sgcursor.sbr
d:\srcrep\0000neo\lib_release\sgdummy.sbr
d:\srcrep\0000neo\lib_release\sgfog.sbr
d:\srcrep\0000neo\lib_release\sgg17.sbr
d:\srcrep\0000neo\lib_release\sgg18.sbr
d:\srcrep\0000neo\lib_release\sgg2d.sbr
d:\srcrep\0000neo\lib_release\sggeometry.sbr
d:\srcrep\0000neo\lib_release\sggizmo.sbr
d:\srcrep\0000neo\lib_release\sggn16.sbr
d:\srcrep\0000neo\lib_release\sggp2.sbr
d:\srcrep\0000neo\lib_release\sggquad.sbr
d:\srcrep\0000neo\lib_release\sggu15.sbr
d:\srcrep\0000neo\_release\gmotor\sggu15.obj
d:\srcrep\0000neo\_release\gmotor\sggquad.obj
d:\srcrep\0000neo\_release\gmotor\sggp2.obj
d:\srcrep\0000neo\_release\gmotor\sggn16.obj
d:\srcrep\0000neo\_release\gmotor\sggizmo.obj
d:\srcrep\0000neo\_release\gmotor\sggeometry.obj
d:\srcrep\0000neo\_release\gmotor\sgg2d.obj
d:\srcrep\0000neo\_release\gmotor\sgg18.obj
d:\srcrep\0000neo\_release\gmotor\sgg17.obj
d:\srcrep\0000neo\_release\gmotor\sgfog.obj
d:\srcrep\0000neo\_release\gmotor\sgdummy.obj
d:\srcrep\0000neo\_release\gmotor\sgcursor.obj
d:\srcrep\0000neo\_release\gmotor\sgcontroller.obj
d:\srcrep\0000neo\_release\gmotor\sgconst.obj
d:\srcrep\0000neo\_release\gmotor\sgattachedeffect.obj
d:\srcrep\0000neo\_release\gmotor\sganimationblock.obj
d:\srcrep\0000neo\_release\gmotor\sganimation.obj
d:\srcrep\0000neo\_release\gmotor\rsvertex.obj
d:\srcrep\0000neo\_release\gmotor\rssettings.obj
d:\srcrep\0000neo\_release\gmotor\rsrendersystem.obj
d:\srcrep\0000neo\lib_release\sggu16.sbr
d:\srcrep\0000neo\lib_release\sglensflare.sbr
d:\srcrep\0000neo\lib_release\sglight.sbr
d:\srcrep\0000neo\lib_release\sgmodel.sbr
d:\srcrep\0000neo\lib_release\sgmorphedgeometry.sbr
d:\srcrep\0000neo\lib_release\sgnode.sbr
d:\srcrep\0000neo\lib_release\sgnodepool.sbr
d:\srcrep\0000neo\lib_release\sgprsanimation.sbr
d:\srcrep\0000neo\lib_release\sgreflection.sbr
d:\srcrep\0000neo\lib_release\sgroot.sbr
d:\srcrep\0000neo\lib_release\sgshader.sbr
d:\srcrep\0000neo\lib_release\sgsprite.sbr
d:\srcrep\0000neo\lib_release\sgspritemanager.sbr
d:\srcrep\0000neo\lib_release\sgstatistics.sbr
d:\srcrep\0000neo\lib_release\sgsurfacecache.sbr
d:\srcrep\0000neo\lib_release\sgtexture.sbr
d:\srcrep\0000neo\lib_release\sgtexturematrix.sbr
d:\srcrep\0000neo\lib_release\sgtransform.sbr
d:\srcrep\0000neo\lib_release\sgtransformnode.sbr
d:\srcrep\0000neo\lib_release\sguvanimation.sbr
d:\srcrep\0000neo\_release\gmotor\sguvanimation.obj
d:\srcrep\0000neo\_release\gmotor\sgtransformnode.obj
d:\srcrep\0000neo\_release\gmotor\sgtransform.obj
d:\srcrep\0000neo\_release\gmotor\sgtexturematrix.obj
d:\srcrep\0000neo\_release\gmotor\sgtexture.obj
d:\srcrep\0000neo\_release\gmotor\sgsurfacecache.obj
d:\srcrep\0000neo\_release\gmotor\sgstatistics.obj
d:\srcrep\0000neo\_release\gmotor\sgspritemanager.obj
d:\srcrep\0000neo\_release\gmotor\sgsprite.obj
d:\srcrep\0000neo\_release\gmotor\sgshader.obj
d:\srcrep\0000neo\_release\gmotor\sgroot.obj
d:\srcrep\0000neo\_release\gmotor\sgreflection.obj
d:\srcrep\0000neo\_release\gmotor\sgprsanimation.obj
d:\srcrep\0000neo\_release\gmotor\sgnodepool.obj
d:\srcrep\0000neo\_release\gmotor\sgnode.obj
d:\srcrep\0000neo\_release\gmotor\sgmorphedgeometry.obj
d:\srcrep\0000neo\_release\gmotor\sgmodel.obj
d:\srcrep\0000neo\_release\gmotor\sglight.obj
d:\srcrep\0000neo\_release\gmotor\sglensflare.obj
d:\srcrep\0000neo\_release\gmotor\sggu16.obj
d:\srcrep\0000neo\lib_release\uialgodebugger.sbr
d:\srcrep\0000neo\lib_release\uibutton.sbr
d:\srcrep\0000neo\lib_release\uicameratrack.sbr
d:\srcrep\0000neo\lib_release\uicheckbox.sbr
d:\srcrep\0000neo\lib_release\uicolorpicker.sbr
d:\srcrep\0000neo\lib_release\uicombobox.sbr
d:\srcrep\0000neo\lib_release\uicontrol.sbr
d:\srcrep\0000neo\lib_release\uieditbox.sbr
d:\srcrep\0000neo\lib_release\uieffecteditor.sbr
d:\srcrep\0000neo\lib_release\uiextendededit.sbr
d:\srcrep\0000neo\lib_release\uifloateditbox.sbr
d:\srcrep\0000neo\lib_release\uiframewindow.sbr
d:\srcrep\0000neo\lib_release\uiinteditbox.sbr
d:\srcrep\0000neo\lib_release\uikangaroo.sbr
d:\srcrep\0000neo\lib_release\uilabel.sbr
d:\srcrep\0000neo\lib_release\uilistbox.sbr
d:\srcrep\0000neo\lib_release\uimainframe.sbr
d:\srcrep\0000neo\lib_release\uimanipulator.sbr
d:\srcrep\0000neo\lib_release\uimayacontroller.sbr
d:\srcrep\0000neo\lib_release\uimodelview.sbr
d:\srcrep\0000neo\_release\gmotor\uimodelview.obj
d:\srcrep\0000neo\_release\gmotor\uimayacontroller.obj
d:\srcrep\0000neo\_release\gmotor\uimanipulator.obj
d:\srcrep\0000neo\_release\gmotor\uimainframe.obj
d:\srcrep\0000neo\_release\gmotor\uilistbox.obj
d:\srcrep\0000neo\_release\gmotor\uilabel.obj
d:\srcrep\0000neo\_release\gmotor\uikangaroo.obj
d:\srcrep\0000neo\_release\gmotor\uiinteditbox.obj
d:\srcrep\0000neo\_release\gmotor\uiframewindow.obj
d:\srcrep\0000neo\_release\gmotor\uifloateditbox.obj
d:\srcrep\0000neo\_release\gmotor\uiextendededit.obj
d:\srcrep\0000neo\_release\gmotor\uieffecteditor.obj
d:\srcrep\0000neo\_release\gmotor\uieditbox.obj
d:\srcrep\0000neo\_release\gmotor\uicontrol.obj
d:\srcrep\0000neo\_release\gmotor\uicombobox.obj
d:\srcrep\0000neo\_release\gmotor\uicolorpicker.obj
d:\srcrep\0000neo\_release\gmotor\uicheckbox.obj
d:\srcrep\0000neo\_release\gmotor\uicameratrack.obj
d:\srcrep\0000neo\_release\gmotor\uibutton.obj
d:\srcrep\0000neo\_release\gmotor\uialgodebugger.obj
d:\srcrep\0000neo\lib_release\uinodetree.sbr
d:\srcrep\0000neo\lib_release\uinoisepanel.sbr
d:\srcrep\0000neo\lib_release\uiobjectinspector.sbr
d:\srcrep\0000neo\lib_release\uipalette.sbr
d:\srcrep\0000neo\lib_release\uiphysicseditor.sbr
d:\srcrep\0000neo\lib_release\uipicture.sbr
d:\srcrep\0000neo\lib_release\uiprogress.sbr
d:\srcrep\0000neo\lib_release\uipropeditors.sbr
d:\srcrep\0000neo\lib_release\uirampedit.sbr
d:\srcrep\0000neo\lib_release\uiratchet.sbr
d:\srcrep\0000neo\lib_release\uirenderfarm.sbr
d:\srcrep\0000neo\lib_release\uiresourcebrowser.sbr
d:\srcrep\0000neo\lib_release\uirtscontroller.sbr
d:\srcrep\0000neo\lib_release\uisceneeditor.sbr
d:\srcrep\0000neo\lib_release\uiscrollbox.sbr
d:\srcrep\0000neo\lib_release\uislider.sbr
d:\srcrep\0000neo\lib_release\uisystemexplorer.sbr
d:\srcrep\0000neo\lib_release\uitrackedit.sbr
d:\srcrep\0000neo\lib_release\uitransformtools.sbr
d:\srcrep\0000neo\lib_release\uiweightedit.sbr
d:\srcrep\0000neo\_release\gmotor\uiweightedit.obj
d:\srcrep\0000neo\_release\gmotor\uitransformtools.obj
d:\srcrep\0000neo\_release\gmotor\uitrackedit.obj
d:\srcrep\0000neo\_release\gmotor\uisystemexplorer.obj
d:\srcrep\0000neo\_release\gmotor\uislider.obj
d:\srcrep\0000neo\_release\gmotor\uiscrollbox.obj
d:\srcrep\0000neo\_release\gmotor\uisceneeditor.obj
d:\srcrep\0000neo\_release\gmotor\uirtscontroller.obj
d:\srcrep\0000neo\_release\gmotor\uiresourcebrowser.obj
d:\srcrep\0000neo\_release\gmotor\uirenderfarm.obj
d:\srcrep\0000neo\_release\gmotor\uiratchet.obj
d:\srcrep\0000neo\_release\gmotor\uirampedit.obj
d:\srcrep\0000neo\_release\gmotor\uipropeditors.obj
d:\srcrep\0000neo\_release\gmotor\uiprogress.obj
d:\srcrep\0000neo\_release\gmotor\uipicture.obj
d:\srcrep\0000neo\_release\gmotor\uiphysicseditor.obj
d:\srcrep\0000neo\_release\gmotor\uipalette.obj
d:\srcrep\0000neo\_release\gmotor\uiobjectinspector.obj
d:\srcrep\0000neo\_release\gmotor\uinoisepanel.obj
d:\srcrep\0000neo\_release\gmotor\uinodetree.obj
d:\srcrep\0000neo\lib_release\uiwidget.sbr
d:\srcrep\0000neo\lib_release\uiwidgeteditor.sbr
d:\srcrep\0000neo\lib_release\uiwindow.sbr
d:\srcrep\0000neo\lib_release\vbone.sbr
d:\srcrep\0000neo\lib_release\vcamera.sbr
d:\srcrep\0000neo\lib_release\vcollider.sbr
d:\srcrep\0000neo\lib_release\vfield.sbr
d:\srcrep\0000neo\lib_release\vfontmanager.sbr
d:\srcrep\0000neo\lib_release\vimpostorcache.sbr
d:\srcrep\0000neo\lib_release\vmediamanager.sbr
d:\srcrep\0000neo\lib_release\vmesh.sbr
d:\srcrep\0000neo\lib_release\vmodelinstance.sbr
d:\srcrep\0000neo\lib_release\vshadowmanager.sbr
d:\srcrep\0000neo\lib_release\vskincache.sbr
d:\srcrep\0000neo\lib_release\vskyrenderer.sbr
d:\srcrep\0000neo\lib_release\vstaticterrain.sbr
d:\srcrep\0000neo\lib_release\vtreesrenderer.sbr
d:\srcrep\0000neo\lib_release\vwater.sbr
d:\srcrep\0000neo\_release\gmotor\vwater.obj
d:\srcrep\0000neo\_release\gmotor\vtreesrenderer.obj
d:\srcrep\0000neo\_release\gmotor\vstaticterrain.obj
d:\srcrep\0000neo\_release\gmotor\vskyrenderer.obj
d:\srcrep\0000neo\_release\gmotor\vskincache.obj
d:\srcrep\0000neo\_release\gmotor\vshadowmanager.obj
d:\srcrep\0000neo\_release\gmotor\vmodelinstance.obj
d:\srcrep\0000neo\_release\gmotor\vmesh.obj
d:\srcrep\0000neo\_release\gmotor\vmediamanager.obj
d:\srcrep\0000neo\_release\gmotor\vimpostorcache.obj
d:\srcrep\0000neo\_release\gmotor\vfontmanager.obj
d:\srcrep\0000neo\_release\gmotor\vfield.obj
d:\srcrep\0000neo\_release\gmotor\vcollider.obj
d:\srcrep\0000neo\_release\gmotor\vcamera.obj
d:\srcrep\0000neo\_release\gmotor\vbone.obj
d:\srcrep\0000neo\_release\gmotor\uiwindow.obj
d:\srcrep\0000neo\_release\gmotor\uiwidgeteditor.obj
d:\srcrep\0000neo\_release\gmotor\uiwidget.obj
d:\srcrep\0000neo\lib_release\lzo1.sbr
d:\srcrep\0000neo\lib_release\lzo1a.sbr
d:\srcrep\0000neo\lib_release\lzo1a_99.sbr
d:\srcrep\0000neo\lib_release\lzo1b_1.sbr
d:\srcrep\0000neo\lib_release\lzo1b_2.sbr
d:\srcrep\0000neo\lib_release\lzo1b_3.sbr
d:\srcrep\0000neo\lib_release\lzo1b_4.sbr
d:\srcrep\0000neo\lib_release\lzo1b_5.sbr
d:\srcrep\0000neo\lib_release\lzo1b_6.sbr
d:\srcrep\0000neo\lib_release\lzo1b_7.sbr
d:\srcrep\0000neo\lib_release\lzo1b_8.sbr
d:\srcrep\0000neo\lib_release\lzo1b_9.sbr
d:\srcrep\0000neo\lib_release\lzo1b_99.sbr
d:\srcrep\0000neo\lib_release\lzo1b_9x.sbr
d:\srcrep\0000neo\lib_release\lzo1b_cc.sbr
d:\srcrep\0000neo\lib_release\lzo1b_d1.sbr
d:\srcrep\0000neo\lib_release\lzo1b_d2.sbr
d:\srcrep\0000neo\lib_release\lzo1b_rr.sbr
d:\srcrep\0000neo\lib_release\lzo1b_xx.sbr
d:\srcrep\0000neo\lib_release\lzo1c_1.sbr
d:\srcrep\0000neo\_release\gmotor\lzo1c_1.obj
d:\srcrep\0000neo\_release\gmotor\lzo1b_xx.obj
d:\srcrep\0000neo\_release\gmotor\lzo1b_rr.obj
d:\srcrep\0000neo\_release\gmotor\lzo1b_d2.obj
d:\srcrep\0000neo\_release\gmotor\lzo1b_d1.obj
d:\srcrep\0000neo\_release\gmotor\lzo1b_cc.obj
d:\srcrep\0000neo\_release\gmotor\lzo1b_9x.obj
d:\srcrep\0000neo\_release\gmotor\lzo1b_99.obj
d:\srcrep\0000neo\_release\gmotor\lzo1b_9.obj
d:\srcrep\0000neo\_release\gmotor\lzo1b_8.obj
d:\srcrep\0000neo\_release\gmotor\lzo1b_7.obj
d:\srcrep\0000neo\_release\gmotor\lzo1b_6.obj
d:\srcrep\0000neo\_release\gmotor\lzo1b_5.obj
d:\srcrep\0000neo\_release\gmotor\lzo1b_4.obj
d:\srcrep\0000neo\_release\gmotor\lzo1b_3.obj
d:\srcrep\0000neo\_release\gmotor\lzo1b_2.obj
d:\srcrep\0000neo\_release\gmotor\lzo1b_1.obj
d:\srcrep\0000neo\_release\gmotor\lzo1a_99.obj
d:\srcrep\0000neo\_release\gmotor\lzo1a.obj
d:\srcrep\0000neo\_release\gmotor\lzo1.obj
d:\srcrep\0000neo\lib_release\lzo1c_2.sbr
d:\srcrep\0000neo\lib_release\lzo1c_3.sbr
d:\srcrep\0000neo\lib_release\lzo1c_4.sbr
d:\srcrep\0000neo\lib_release\lzo1c_5.sbr
d:\srcrep\0000neo\lib_release\lzo1c_6.sbr
d:\srcrep\0000neo\lib_release\lzo1c_7.sbr
d:\srcrep\0000neo\lib_release\lzo1c_8.sbr
d:\srcrep\0000neo\lib_release\lzo1c_9.sbr
d:\srcrep\0000neo\lib_release\lzo1c_99.sbr
d:\srcrep\0000neo\lib_release\lzo1c_9x.sbr
d:\srcrep\0000neo\lib_release\lzo1c_cc.sbr
d:\srcrep\0000neo\lib_release\lzo1c_d1.sbr
d:\srcrep\0000neo\lib_release\lzo1c_d2.sbr
d:\srcrep\0000neo\lib_release\lzo1c_rr.sbr
d:\srcrep\0000neo\lib_release\lzo1c_xx.sbr
d:\srcrep\0000neo\lib_release\lzo1f_1.sbr
d:\srcrep\0000neo\lib_release\lzo1f_9x.sbr
d:\srcrep\0000neo\lib_release\lzo1f_d1.sbr
d:\srcrep\0000neo\lib_release\lzo1f_d2.sbr
d:\srcrep\0000neo\lib_release\lzo1x_1.sbr
d:\srcrep\0000neo\_release\gmotor\lzo1x_1.obj
d:\srcrep\0000neo\_release\gmotor\lzo1f_d2.obj
d:\srcrep\0000neo\_release\gmotor\lzo1f_d1.obj
d:\srcrep\0000neo\_release\gmotor\lzo1f_9x.obj
d:\srcrep\0000neo\_release\gmotor\lzo1f_1.obj
d:\srcrep\0000neo\_release\gmotor\lzo1c_xx.obj
d:\srcrep\0000neo\_release\gmotor\lzo1c_rr.obj
d:\srcrep\0000neo\_release\gmotor\lzo1c_d2.obj
d:\srcrep\0000neo\_release\gmotor\lzo1c_d1.obj
d:\srcrep\0000neo\_release\gmotor\lzo1c_cc.obj
d:\srcrep\0000neo\_release\gmotor\lzo1c_9x.obj
d:\srcrep\0000neo\_release\gmotor\lzo1c_99.obj
d:\srcrep\0000neo\_release\gmotor\lzo1c_9.obj
d:\srcrep\0000neo\_release\gmotor\lzo1c_8.obj
d:\srcrep\0000neo\_release\gmotor\lzo1c_7.obj
d:\srcrep\0000neo\_release\gmotor\lzo1c_6.obj
d:\srcrep\0000neo\_release\gmotor\lzo1c_5.obj
d:\srcrep\0000neo\_release\gmotor\lzo1c_4.obj
d:\srcrep\0000neo\_release\gmotor\lzo1c_3.obj
d:\srcrep\0000neo\_release\gmotor\lzo1c_2.obj
d:\srcrep\0000neo\lib_release\lzo1x_1k.sbr
d:\srcrep\0000neo\lib_release\lzo1x_1l.sbr
d:\srcrep\0000neo\lib_release\lzo1x_1o.sbr
d:\srcrep\0000neo\lib_release\lzo1x_9x.sbr
d:\srcrep\0000neo\lib_release\lzo1x_d1.sbr
d:\srcrep\0000neo\lib_release\lzo1x_d2.sbr
d:\srcrep\0000neo\lib_release\lzo1x_d3.sbr
d:\srcrep\0000neo\lib_release\lzo1x_o.sbr
d:\srcrep\0000neo\lib_release\lzo1y_1.sbr
d:\srcrep\0000neo\lib_release\lzo1y_9x.sbr
d:\srcrep\0000neo\lib_release\lzo1y_d1.sbr
d:\srcrep\0000neo\lib_release\lzo1y_d2.sbr
d:\srcrep\0000neo\lib_release\lzo1y_d3.sbr
d:\srcrep\0000neo\lib_release\lzo1y_o.sbr
d:\srcrep\0000neo\lib_release\lzo1z_9x.sbr
d:\srcrep\0000neo\lib_release\lzo1z_d1.sbr
d:\srcrep\0000neo\lib_release\lzo1z_d2.sbr
d:\srcrep\0000neo\lib_release\lzo1z_d3.sbr
d:\srcrep\0000neo\lib_release\lzo1_99.sbr
d:\srcrep\0000neo\lib_release\lzo2a_9x.sbr
d:\srcrep\0000neo\_release\gmotor\lzo2a_9x.obj
d:\srcrep\0000neo\_release\gmotor\lzo1_99.obj
d:\srcrep\0000neo\_release\gmotor\lzo1z_d3.obj
d:\srcrep\0000neo\_release\gmotor\lzo1z_d2.obj
d:\srcrep\0000neo\_release\gmotor\lzo1z_d1.obj
d:\srcrep\0000neo\_release\gmotor\lzo1z_9x.obj
d:\srcrep\0000neo\_release\gmotor\lzo1y_o.obj
d:\srcrep\0000neo\_release\gmotor\lzo1y_d3.obj
d:\srcrep\0000neo\_release\gmotor\lzo1y_d2.obj
d:\srcrep\0000neo\_release\gmotor\lzo1y_d1.obj
d:\srcrep\0000neo\_release\gmotor\lzo1y_9x.obj
d:\srcrep\0000neo\_release\gmotor\lzo1y_1.obj
d:\srcrep\0000neo\_release\gmotor\lzo1x_o.obj
d:\srcrep\0000neo\_release\gmotor\lzo1x_d3.obj
d:\srcrep\0000neo\_release\gmotor\lzo1x_d2.obj
d:\srcrep\0000neo\_release\gmotor\lzo1x_d1.obj
d:\srcrep\0000neo\_release\gmotor\lzo1x_9x.obj
d:\srcrep\0000neo\_release\gmotor\lzo1x_1o.obj
d:\srcrep\0000neo\_release\gmotor\lzo1x_1l.obj
d:\srcrep\0000neo\_release\gmotor\lzo1x_1k.obj
d:\srcrep\0000neo\lib_release\lzo2a_d1.sbr
d:\srcrep\0000neo\lib_release\lzo2a_d2.sbr
d:\srcrep\0000neo\lib_release\lzo_crc.sbr
d:\srcrep\0000neo\lib_release\lzo_init.sbr
d:\srcrep\0000neo\lib_release\lzo_ptr.sbr
d:\srcrep\0000neo\lib_release\lzo_str.sbr
d:\srcrep\0000neo\lib_release\lzo_util.sbr
d:\srcrep\0000neo\_release\gmotor\lzo_util.obj
d:\srcrep\0000neo\_release\gmotor\lzo_str.obj
d:\srcrep\0000neo\_release\gmotor\lzo_ptr.obj
d:\srcrep\0000neo\_release\gmotor\lzo_init.obj
d:\srcrep\0000neo\_release\gmotor\lzo_crc.obj
d:\srcrep\0000neo\_release\gmotor\lzo2a_d2.obj
d:\srcrep\0000neo\_release\gmotor\lzo2a_d1.obj
d:\srcrep\0000neo\lib_release\sgeffect.sbr
d:\srcrep\0000neo\_release\gmotor\sgeffect.obj
d:\srcrep\0000neo\lib_release\sgnodemaker.sbr
d:\srcrep\0000neo\_release\gmotor\sgnodemaker.obj
d:\srcrep\0000neo\lib_release\vterrainrenderer.sbr
d:\srcrep\0000neo\_release\gmotor\vterrainrenderer.obj
d:\srcrep\0000neo\lib_release\gmotorr.lib
d:\srcrep\0000neo\lib_release\gmotor.pdb
d:\srcrep\0000neo\lib_release\gmotor.tlog\bscmake.command.1.tlog
d:\srcrep\0000neo\lib_release\gmotor.tlog\bscmake.read.1.tlog
d:\srcrep\0000neo\lib_release\gmotor.tlog\bscmake.write.1.tlog
d:\srcrep\0000neo\lib_release\gmotor.tlog\cl.command.1.tlog
d:\srcrep\0000neo\lib_release\gmotor.tlog\cl.read.1.tlog
d:\srcrep\0000neo\lib_release\gmotor.tlog\cl.write.1.tlog
d:\srcrep\0000neo\lib_release\gmotor.tlog\lib-link.read.1.tlog
d:\srcrep\0000neo\lib_release\gmotor.tlog\lib-link.write.1.tlog
d:\srcrep\0000neo\lib_release\gmotor.tlog\lib.command.1.tlog
d:\srcrep\0000neo\lib_release\gmotor.tlog\../../lib_release/gmotor.pdb
d:\srcrep\0000neo\lib_release\gmotor.tlog\../../lib_release/gmotor.bsc
d:\srcrep\0000neo\lib_release\gmotor.tlog\../../lib_release/gmotor.vcxproj.filelistabsolute.txt
