d:\srcrep\new engine — копия — копия\_debug\intexplorer.pch
d:\srcrep\new engine — копия — копия\_debug\vc143.pdb
d:\srcrep\new engine — копия — копия\_debug\vc143.idb
d:\srcrep\new engine — копия — копия\_debug\stdafx.obj
d:\srcrep\new engine — копия — копия\_debug\pingengine.obj
d:\srcrep\new engine — копия — копия\_debug\parserq.obj
d:\srcrep\new engine — копия — копия\_debug\intexplorer.obj
d:\srcrep\new engine — копия — копия\_debug\gameonmap.obj
d:\srcrep\new engine — копия — копия\_debug\explore.obj
d:\srcrep\new engine — копия — копия\_debug\dstring.obj
d:\srcrep\new engine — копия — копия\_debug\dataxchange.obj
d:\srcrep\new engine — копия — копия\_debug\bmptool.obj
d:\srcrep\new engine — копия — копия\_debug\fndefine.obj
d:\srcrep\new engine — копия — копия\intexplorer\debug\intexplorer.tlog\cl.command.1.tlog
d:\srcrep\new engine — копия — копия\intexplorer\debug\intexplorer.tlog\cl.read.1.tlog
d:\srcrep\new engine — копия — копия\intexplorer\debug\intexplorer.tlog\cl.write.1.tlog
d:\srcrep\new engine — копия — копия\intexplorer\debug\intexplorer.tlog\link-cvtres.read.1.tlog
d:\srcrep\new engine — копия — копия\intexplorer\debug\intexplorer.tlog\link-cvtres.write.1.tlog
d:\srcrep\new engine — копия — копия\intexplorer\debug\intexplorer.tlog\link-rc.read.1.tlog
d:\srcrep\new engine — копия — копия\intexplorer\debug\intexplorer.tlog\link-rc.write.1.tlog
d:\srcrep\new engine — копия — копия\intexplorer\debug\intexplorer.tlog\link.command.1.tlog
d:\srcrep\new engine — копия — копия\intexplorer\debug\intexplorer.tlog\link.delete.1.tlog
d:\srcrep\new engine — копия — копия\intexplorer\debug\intexplorer.tlog\link.read.1.tlog
d:\srcrep\new engine — копия — копия\intexplorer\debug\intexplorer.tlog\link.write.1.tlog
