d:\srcrep\0000neo\_debug\ichat.pch
d:\srcrep\0000neo\_debug\vc143.pdb
d:\srcrep\0000neo\_debug\vc143.idb
d:\srcrep\0000neo\_debug\stdafx.obj
d:\srcrep\0000neo\_debug\ichat.obj
d:\srcrep\0000neo\_debug\gsc_chatwindow.obj
d:\srcrep\0000neo\_debug\cs_chat.obj
d:\srcrep\0000neo\_debug\parserq.obj
d:\srcrep\0000neo\_debug\nonport.obj
d:\srcrep\0000neo\_debug\md5c.obj
d:\srcrep\0000neo\_debug\hashtable.obj
d:\srcrep\0000neo\_debug\darray.obj
d:\srcrep\0000neo\_debug\chatsocket.obj
d:\srcrep\0000neo\_debug\chatmain.obj
d:\srcrep\0000neo\_debug\chathandlers.obj
d:\srcrep\0000neo\_debug\chatchannel.obj
d:\srcrep\0000neo\_debug\chatcallbacks.obj
d:\srcrep\new engine — копия — копия\_debug\ichat.lib
d:\srcrep\new engine — копия — копия\_debug\ichat.exp
d:\srcrep\0000neo\_debug\ichat.lib
d:\srcrep\0000neo\_debug\ichat.exp
d:\srcrep\data\ichat.dll
d:\srcrep\0000neo\_debug\ichat.map
d:\srcrep\0000neo\_debug\ichat.pdb
d:\srcrep\0000neo\ichat\fastdebug checksync\ichat.tlog\cl.command.1.tlog
d:\srcrep\0000neo\ichat\fastdebug checksync\ichat.tlog\cl.read.1.tlog
d:\srcrep\0000neo\ichat\fastdebug checksync\ichat.tlog\cl.write.1.tlog
d:\srcrep\0000neo\ichat\fastdebug checksync\ichat.tlog\ichat.write.1u.tlog
d:\srcrep\0000neo\ichat\fastdebug checksync\ichat.tlog\link.command.1.tlog
d:\srcrep\0000neo\ichat\fastdebug checksync\ichat.tlog\link.read.1.tlog
d:\srcrep\0000neo\ichat\fastdebug checksync\ichat.tlog\link.write.1.tlog
